QuestUnlock/app/build/intermediates/manifest_merge_blame_file/debug/processDebugMainManifest/manifest-merger-blame-debug-report.txt
1<?xml version="1.0" encoding="utf-8"?>
2<manifest xmlns:android="http://schemas.android.com/apk/res/android"
3    package="qu.astro.vrshellpatcher.debug"
4    android:versionCode="1"
5    android:versionName="1.0-debug" >
6
7    <uses-sdk
8        android:minSdkVersion="31"
9        android:targetSdkVersion="35" />
10
11    <application
11-->src\main\AndroidManifest.xml:5:5-32:19
12        android:allowBackup="true"
12-->src\main\AndroidManifest.xml:6:9-35
13        android:debuggable="true"
13-->src\main\AndroidManifest.xml:7:9-34
14        android:extractNativeLibs="false"
15        android:icon="@mipmap/ic_launcher"
15-->src\main\AndroidManifest.xml:8:9-43
16        android:label="@string/app_name"
16-->src\main\AndroidManifest.xml:9:9-41
17        android:roundIcon="@mipmap/ic_launcher_round"
17-->src\main\AndroidManifest.xml:10:9-54
18        android:supportsRtl="true" >
18-->src\main\AndroidManifest.xml:11:9-35
19
20        <!-- LSPosed module metadata -->
21        <meta-data
21-->src\main\AndroidManifest.xml:15:9-71
22            android:name="xposedmodule"
22-->src\main\AndroidManifest.xml:15:20-47
23            android:value="true" />
23-->src\main\AndroidManifest.xml:15:48-68
24        <meta-data
24-->src\main\AndroidManifest.xml:16:9-17:81
25            android:name="xposeddescription"
25-->src\main\AndroidManifest.xml:16:20-52
26            android:value="QuestUnlock – patch VrShell into dev/dogfood mode" />
26-->src\main\AndroidManifest.xml:17:13-78
27        <meta-data
27-->src\main\AndroidManifest.xml:18:9-73
28            android:name="xposedminversion"
28-->src\main\AndroidManifest.xml:18:20-51
29            android:value="93" />
29-->src\main\AndroidManifest.xml:18:52-70
30        <meta-data
30-->src\main\AndroidManifest.xml:19:9-87
31            android:name="xposedscope"
31-->src\main\AndroidManifest.xml:19:20-46
32            android:resource="@array/xposedscope" />
32-->src\main\AndroidManifest.xml:19:47-84
33
34        <!-- Launcher Activity (the one-button UI you added) -->
35        <activity
35-->src\main\AndroidManifest.xml:22:9-30:20
36            android:name="qu.astro.vrshellpatcher.ui.MainActivity"
36-->src\main\AndroidManifest.xml:23:13-44
37            android:exported="true"
37-->src\main\AndroidManifest.xml:24:13-36
38            android:label="VrShell Patcher" >
38-->src\main\AndroidManifest.xml:25:13-44
39            <intent-filter>
39-->src\main\AndroidManifest.xml:26:13-29:29
40                <action android:name="android.intent.action.MAIN" />
40-->src\main\AndroidManifest.xml:27:17-69
40-->src\main\AndroidManifest.xml:27:25-66
41
42                <category android:name="android.intent.category.LAUNCHER" />
42-->src\main\AndroidManifest.xml:28:17-77
42-->src\main\AndroidManifest.xml:28:27-74
43            </intent-filter>
44        </activity>
45    </application>
46
47</manifest>